2020-12-10 18:50:05,557 [Worker-5: Loading available Gradle versions] INFO  o.e.b.c.i.u.g.PublishedGradleVersions - Gradle version information cache is up-to-date. Trying to read.
2020-12-10 18:50:23,537 [Worker-0: Loading available Gradle versions] INFO  o.e.b.c.i.u.g.PublishedGradleVersions - Gradle version information cache is up-to-date. Trying to read.
2020-12-10 18:51:27,140 [Worker-2: Updating Maven Dependencies] INFO  o.e.m.c.i.l.LifecycleMappingFactory - Using org.maven.ide.eclipse.wtp.WarLifecycleMapping lifecycle mapping for MavenProject: com.mycompany:myapp:1.0.0-BUILD-SNAPSHOT @ C:\Users\ad705\Documents\workspace-spring-tool-suite-4-4.8.0.RELEASE\SpringCRUD\pom.xml.
2020-12-10 18:51:30,416 [Worker-2: Updating Maven Dependencies] INFO  o.e.m.c.i.l.LifecycleMappingFactory - Using org.eclipse.m2e.jdt.JarLifecycleMapping lifecycle mapping for MavenProject: BOARD:BOARD:0.0.1-SNAPSHOT @ C:\Users\ad705\Documents\workspace-spring-tool-suite-4-4.8.0.RELEASE\BOARD\pom.xml.
2020-12-10 18:51:30,471 [Worker-2: Updating Maven Dependencies] INFO  o.e.m.c.i.l.LifecycleMappingFactory - Using org.maven.ide.eclipse.wtp.WarLifecycleMapping lifecycle mapping for MavenProject: com.mycompany:myapp:1.0.0-BUILD-SNAPSHOT @ C:\Users\ad705\Documents\workspace-spring-tool-suite-4-4.8.0.RELEASE\Lab12\pom.xml.
2020-12-10 18:51:30,577 [Worker-2: Updating Maven Dependencies] INFO  o.e.m.c.i.l.LifecycleMappingFactory - Using org.maven.ide.eclipse.wtp.WarLifecycleMapping lifecycle mapping for MavenProject: com.mycom:my:1.0.0-BUILD-SNAPSHOT @ C:\Users\ad705\Documents\workspace-spring-tool-suite-4-4.8.0.RELEASE\Lab14\pom.xml.
2020-12-10 18:51:30,779 [Worker-2: Updating Maven Dependencies] INFO  o.e.m.c.i.l.LifecycleMappingFactory - Using org.maven.ide.eclipse.wtp.WarLifecycleMapping lifecycle mapping for MavenProject: com.mycomappli:myapp:1.0.0-BUILD-SNAPSHOT @ C:\Users\ad705\Documents\workspace-spring-tool-suite-4-4.8.0.RELEASE\Springtesting\pom.xml.
2020-12-10 18:51:31,661 [Worker-2: Updating Maven Dependencies] INFO  o.e.m.c.i.l.LifecycleMappingFactory - Using org.maven.ide.eclipse.wtp.WarLifecycleMapping lifecycle mapping for MavenProject: test:test:0.0.1-SNAPSHOT @ C:\Users\ad705\Documents\workspace-spring-tool-suite-4-4.8.0.RELEASE\test\pom.xml.
2020-12-10 18:51:31,704 [Worker-2: Updating Maven Dependencies] INFO  o.e.m.c.i.l.LifecycleMappingFactory - Using org.maven.ide.eclipse.wtp.WarLifecycleMapping lifecycle mapping for MavenProject: PL1CRUDProject:PL1CRUDProject:0.0.1-SNAPSHOT @ C:\Users\ad705\Documents\workspace-spring-tool-suite-4-4.8.0.RELEASE\PL1CRUDProject\PL1CRUDProject\pom.xml.
2020-12-10 18:51:31,767 [Worker-2: Updating Maven Dependencies] INFO  o.e.m.c.i.l.LifecycleMappingFactory - Using org.maven.ide.eclipse.wtp.WarLifecycleMapping lifecycle mapping for MavenProject: com.mycompany:myapp:1.0.0-BUILD-SNAPSHOT @ C:\Users\ad705\Documents\workspace-spring-tool-suite-4-4.8.0.RELEASE\14-1\pom.xml.
2020-12-10 18:51:31,854 [Worker-2: Updating Maven Dependencies] INFO  o.e.m.c.i.l.LifecycleMappingFactory - Using org.maven.ide.eclipse.wtp.WarLifecycleMapping lifecycle mapping for MavenProject: BOARD-1:BOARD-1:0.0.1-SNAPSHOT @ C:\Users\ad705\Documents\workspace-spring-tool-suite-4-4.8.0.RELEASE\BOARD-1\pom.xml.
2020-12-10 18:51:31,894 [Worker-2: Updating Maven Dependencies] INFO  o.e.m.c.i.l.LifecycleMappingFactory - Using org.maven.ide.eclipse.wtp.WarLifecycleMapping lifecycle mapping for MavenProject: HAC:HAC:0.0.1-SNAPSHOT @ C:\Users\ad705\Documents\workspace-spring-tool-suite-4-4.8.0.RELEASE\HAC\pom.xml.
2020-12-10 18:51:31,939 [Worker-2: Updating Maven Dependencies] INFO  o.e.m.c.i.l.LifecycleMappingFactory - Using org.maven.ide.eclipse.wtp.WarLifecycleMapping lifecycle mapping for MavenProject: com.mycompany:myapp:1.0.0-BUILD-SNAPSHOT @ C:\Users\ad705\Documents\workspace-spring-tool-suite-4-4.8.0.RELEASE\Lab13\pom.xml.
2020-12-10 18:51:32,003 [Worker-2: Updating Maven Dependencies] INFO  o.e.m.c.i.l.LifecycleMappingFactory - Using org.maven.ide.eclipse.wtp.WarLifecycleMapping lifecycle mapping for MavenProject: heroku:heroku:0.0.1-SNAPSHOT @ C:\Users\ad705\Documents\workspace-spring-tool-suite-4-4.8.0.RELEASE\heroku\pom.xml.
2020-12-10 18:51:40,344 [Worker-1: Building] WARN  o.e.m.c.i.embedder.EclipseLogger - Using platform encoding (MS949 actually) to copy filtered resources, i.e. build is platform dependent!
2020-12-10 18:51:40,351 [Worker-1: Building] INFO  o.e.m.c.i.embedder.EclipseLogger - Copying 4 resources
2020-12-10 18:51:40,390 [Worker-1: Building] WARN  o.e.m.c.i.embedder.EclipseLogger - Using platform encoding (MS949 actually) to copy filtered resources, i.e. build is platform dependent!
2020-12-10 18:51:40,391 [Worker-1: Building] INFO  o.e.m.c.i.embedder.EclipseLogger - Copying 1 resource
2020-12-10 18:51:40,448 [Worker-1: Building] WARN  o.e.m.c.i.embedder.EclipseLogger - Using platform encoding (MS949 actually) to copy filtered resources, i.e. build is platform dependent!
2020-12-10 18:51:40,449 [Worker-1: Building] INFO  o.e.m.c.i.embedder.EclipseLogger - skip non existing resourceDirectory C:\Users\ad705\Documents\workspace-spring-tool-suite-4-4.8.0.RELEASE\BOARD\src\main\resources
2020-12-10 18:51:40,450 [Worker-1: Building] WARN  o.e.m.c.i.embedder.EclipseLogger - Using platform encoding (MS949 actually) to copy filtered resources, i.e. build is platform dependent!
2020-12-10 18:51:40,451 [Worker-1: Building] INFO  o.e.m.c.i.embedder.EclipseLogger - skip non existing resourceDirectory C:\Users\ad705\Documents\workspace-spring-tool-suite-4-4.8.0.RELEASE\BOARD\src\test\resources
2020-12-10 18:51:40,797 [Worker-1: Building] WARN  o.e.m.c.i.embedder.EclipseLogger - Using platform encoding (MS949 actually) to copy filtered resources, i.e. build is platform dependent!
2020-12-10 18:51:40,798 [Worker-1: Building] INFO  o.e.m.c.i.embedder.EclipseLogger - skip non existing resourceDirectory C:\Users\ad705\Documents\workspace-spring-tool-suite-4-4.8.0.RELEASE\BOARD-1\src\main\resources
2020-12-10 18:51:40,799 [Worker-1: Building] WARN  o.e.m.c.i.embedder.EclipseLogger - Using platform encoding (MS949 actually) to copy filtered resources, i.e. build is platform dependent!
2020-12-10 18:51:40,801 [Worker-1: Building] INFO  o.e.m.c.i.embedder.EclipseLogger - skip non existing resourceDirectory C:\Users\ad705\Documents\workspace-spring-tool-suite-4-4.8.0.RELEASE\BOARD-1\src\test\resources
2020-12-10 18:51:40,926 [Worker-1: Building] WARN  o.e.m.c.i.embedder.EclipseLogger - Using platform encoding (MS949 actually) to copy filtered resources, i.e. build is platform dependent!
2020-12-10 18:51:40,928 [Worker-1: Building] INFO  o.e.m.c.i.embedder.EclipseLogger - skip non existing resourceDirectory C:\Users\ad705\Documents\workspace-spring-tool-suite-4-4.8.0.RELEASE\HAC\src\main\resources
2020-12-10 18:51:40,929 [Worker-1: Building] WARN  o.e.m.c.i.embedder.EclipseLogger - Using platform encoding (MS949 actually) to copy filtered resources, i.e. build is platform dependent!
2020-12-10 18:51:40,931 [Worker-1: Building] INFO  o.e.m.c.i.embedder.EclipseLogger - skip non existing resourceDirectory C:\Users\ad705\Documents\workspace-spring-tool-suite-4-4.8.0.RELEASE\HAC\src\test\resources
2020-12-10 18:51:41,190 [Worker-1: Building] WARN  o.e.m.c.i.embedder.EclipseLogger - Using platform encoding (MS949 actually) to copy filtered resources, i.e. build is platform dependent!
2020-12-10 18:51:41,191 [Worker-1: Building] INFO  o.e.m.c.i.embedder.EclipseLogger - Copying 1 resource
2020-12-10 18:51:41,199 [Worker-1: Building] WARN  o.e.m.c.i.embedder.EclipseLogger - Using platform encoding (MS949 actually) to copy filtered resources, i.e. build is platform dependent!
2020-12-10 18:51:41,201 [Worker-1: Building] INFO  o.e.m.c.i.embedder.EclipseLogger - Copying 1 resource
2020-12-10 18:51:41,672 [Worker-1: Building] WARN  o.e.m.c.i.embedder.EclipseLogger - Using platform encoding (MS949 actually) to copy filtered resources, i.e. build is platform dependent!
2020-12-10 18:51:41,674 [Worker-1: Building] INFO  o.e.m.c.i.embedder.EclipseLogger - Copying 1 resource
2020-12-10 18:51:41,678 [Worker-1: Building] WARN  o.e.m.c.i.embedder.EclipseLogger - Using platform encoding (MS949 actually) to copy filtered resources, i.e. build is platform dependent!
2020-12-10 18:51:41,680 [Worker-1: Building] INFO  o.e.m.c.i.embedder.EclipseLogger - Copying 1 resource
2020-12-10 18:51:42,065 [Worker-1: Building] WARN  o.e.m.c.i.embedder.EclipseLogger - Using platform encoding (MS949 actually) to copy filtered resources, i.e. build is platform dependent!
2020-12-10 18:51:42,067 [Worker-1: Building] INFO  o.e.m.c.i.embedder.EclipseLogger - Copying 4 resources
2020-12-10 18:51:42,092 [Worker-1: Building] WARN  o.e.m.c.i.embedder.EclipseLogger - Using platform encoding (MS949 actually) to copy filtered resources, i.e. build is platform dependent!
2020-12-10 18:51:42,093 [Worker-1: Building] INFO  o.e.m.c.i.embedder.EclipseLogger - Copying 1 resource
2020-12-10 18:51:42,596 [Worker-9: Building] WARN  o.e.m.c.i.embedder.EclipseLogger - Using platform encoding (MS949 actually) to copy filtered resources, i.e. build is platform dependent!
2020-12-10 18:51:42,597 [Worker-9: Building] INFO  o.e.m.c.i.embedder.EclipseLogger - skip non existing resourceDirectory C:\Users\ad705\Documents\workspace-spring-tool-suite-4-4.8.0.RELEASE\PL1CRUDProject\PL1CRUDProject\src\main\resources
2020-12-10 18:51:42,600 [Worker-9: Building] WARN  o.e.m.c.i.embedder.EclipseLogger - Using platform encoding (MS949 actually) to copy filtered resources, i.e. build is platform dependent!
2020-12-10 18:51:42,601 [Worker-9: Building] INFO  o.e.m.c.i.embedder.EclipseLogger - skip non existing resourceDirectory C:\Users\ad705\Documents\workspace-spring-tool-suite-4-4.8.0.RELEASE\PL1CRUDProject\PL1CRUDProject\src\test\resources
2020-12-10 18:51:43,287 [Worker-9: Building] WARN  o.e.m.c.i.embedder.EclipseLogger - Using platform encoding (MS949 actually) to copy filtered resources, i.e. build is platform dependent!
2020-12-10 18:51:43,291 [Worker-9: Building] INFO  o.e.m.c.i.embedder.EclipseLogger - Copying 1 resource
2020-12-10 18:51:43,301 [Worker-9: Building] WARN  o.e.m.c.i.embedder.EclipseLogger - Using platform encoding (MS949 actually) to copy filtered resources, i.e. build is platform dependent!
2020-12-10 18:51:43,303 [Worker-9: Building] INFO  o.e.m.c.i.embedder.EclipseLogger - Copying 1 resource
2020-12-10 18:51:43,827 [Worker-9: Building] WARN  o.e.m.c.i.embedder.EclipseLogger - Using platform encoding (MS949 actually) to copy filtered resources, i.e. build is platform dependent!
2020-12-10 18:51:43,830 [Worker-9: Building] INFO  o.e.m.c.i.embedder.EclipseLogger - Copying 1 resource
2020-12-10 18:51:43,848 [Worker-9: Building] WARN  o.e.m.c.i.embedder.EclipseLogger - Using platform encoding (MS949 actually) to copy filtered resources, i.e. build is platform dependent!
2020-12-10 18:51:43,851 [Worker-9: Building] INFO  o.e.m.c.i.embedder.EclipseLogger - Copying 1 resource
2020-12-10 18:51:43,903 [Worker-9: Building] WARN  o.e.m.c.i.embedder.EclipseLogger - Using platform encoding (MS949 actually) to copy filtered resources, i.e. build is platform dependent!
2020-12-10 18:51:43,905 [Worker-9: Building] INFO  o.e.m.c.i.embedder.EclipseLogger - skip non existing resourceDirectory C:\Users\ad705\Documents\workspace-spring-tool-suite-4-4.8.0.RELEASE\heroku\src\main\resources
2020-12-10 18:51:43,906 [Worker-9: Building] WARN  o.e.m.c.i.embedder.EclipseLogger - Using platform encoding (MS949 actually) to copy filtered resources, i.e. build is platform dependent!
2020-12-10 18:51:43,909 [Worker-9: Building] INFO  o.e.m.c.i.embedder.EclipseLogger - skip non existing resourceDirectory C:\Users\ad705\Documents\workspace-spring-tool-suite-4-4.8.0.RELEASE\heroku\src\test\resources
2020-12-10 18:51:43,947 [Worker-9: Building] WARN  o.e.m.c.i.embedder.EclipseLogger - Using platform encoding (MS949 actually) to copy filtered resources, i.e. build is platform dependent!
2020-12-10 18:51:43,949 [Worker-9: Building] INFO  o.e.m.c.i.embedder.EclipseLogger - skip non existing resourceDirectory C:\Users\ad705\Documents\workspace-spring-tool-suite-4-4.8.0.RELEASE\test\src\main\resources
2020-12-10 18:51:43,951 [Worker-9: Building] WARN  o.e.m.c.i.embedder.EclipseLogger - Using platform encoding (MS949 actually) to copy filtered resources, i.e. build is platform dependent!
2020-12-10 18:51:43,952 [Worker-9: Building] INFO  o.e.m.c.i.embedder.EclipseLogger - skip non existing resourceDirectory C:\Users\ad705\Documents\workspace-spring-tool-suite-4-4.8.0.RELEASE\test\src\test\resources
